#! /usr/bin/vvp
:ivl_version "12.0 (stable)";
:ivl_delay_selection "TYPICAL";
:vpi_time_precision - 12;
:vpi_module "/usr/lib/x86_64-linux-gnu/ivl/system.vpi";
:vpi_module "/usr/lib/x86_64-linux-gnu/ivl/vhdl_sys.vpi";
:vpi_module "/usr/lib/x86_64-linux-gnu/ivl/vhdl_textio.vpi";
:vpi_module "/usr/lib/x86_64-linux-gnu/ivl/v2005_math.vpi";
:vpi_module "/usr/lib/x86_64-linux-gnu/ivl/va_math.vpi";
S_0x55f44721b3e0 .scope module, "tb_cla_4b" "tb_cla_4b" 2 3;
 .timescale -9 -12;
v0x55f4472542c0_0 .var "a", 3 0;
v0x55f4472543a0_0 .var "b", 3 0;
v0x55f447254470_0 .var "cin", 0 0;
v0x55f447254570_0 .net "cout", 0 0, L_0x55f44725a400;  1 drivers
v0x55f447254640_0 .var/i "error_count", 31 0;
v0x55f4472546e0_0 .var "expected_res", 4 0;
v0x55f447254780_0 .var/i "i", 31 0;
v0x55f447254860_0 .var/i "j", 31 0;
v0x55f447254940_0 .var/i "k", 31 0;
v0x55f447254a20_0 .net "sum", 3 0, L_0x55f447256e40;  1 drivers
S_0x55f44721b570 .scope module, "dut" "cla_4b" 2 19, 3 1 0, S_0x55f44721b3e0;
 .timescale 0 0;
    .port_info 0 /INPUT 4 "a";
    .port_info 1 /INPUT 4 "b";
    .port_info 2 /INPUT 1 "cin";
    .port_info 3 /OUTPUT 4 "sum";
    .port_info 4 /OUTPUT 1 "cout";
L_0x55f447257350 .functor BUFZ 1, v0x55f447254470_0, C4<0>, C4<0>, C4<0>;
L_0x55f447257690 .functor AND 1, L_0x55f4472575f0, v0x55f447254470_0, C4<1>, C4<1>;
L_0x55f447257750 .functor OR 1, L_0x55f447257410, L_0x55f447257690, C4<0>, C4<0>;
L_0x55f447257e00 .functor AND 1, L_0x55f447257c50, v0x55f447254470_0, C4<1>, C4<1>;
L_0x55f447257ea0 .functor OR 1, L_0x55f447257aa0, L_0x55f447257e00, C4<0>, C4<0>;
L_0x55f447257f60 .functor AND 1, L_0x55f447257a00, L_0x55f447257ea0, C4<1>, C4<1>;
L_0x55f4472580b0 .functor OR 1, L_0x55f447257860, L_0x55f447257f60, C4<0>, C4<0>;
L_0x55f447258940 .functor AND 1, L_0x55f447258870, v0x55f447254470_0, C4<1>, C4<1>;
L_0x55f447258a80 .functor OR 1, L_0x55f447258690, L_0x55f447258940, C4<0>, C4<0>;
L_0x55f447258b90 .functor AND 1, L_0x55f4472585f0, L_0x55f447258a80, C4<1>, C4<1>;
L_0x55f447258d00 .functor OR 1, L_0x55f447258420, L_0x55f447258b90, C4<0>, C4<0>;
L_0x55f447258dc0 .functor AND 1, L_0x55f447258380, L_0x55f447258d00, C4<1>, C4<1>;
L_0x55f447258f40 .functor OR 1, L_0x55f4472581c0, L_0x55f447258dc0, C4<0>, C4<0>;
L_0x55f447259e60 .functor AND 1, L_0x55f447259c30, v0x55f447254470_0, C4<1>, C4<1>;
L_0x55f447258ed0 .functor OR 1, L_0x55f447259b90, L_0x55f447259e60, C4<0>, C4<0>;
L_0x55f44725a040 .functor AND 1, L_0x55f447259970, L_0x55f447258ed0, C4<1>, C4<1>;
L_0x55f44725a1e0 .functor OR 1, L_0x55f4472598d0, L_0x55f44725a040, C4<0>, C4<0>;
L_0x55f44725a2f0 .functor AND 1, L_0x55f4472596c0, L_0x55f44725a1e0, C4<1>, C4<1>;
L_0x55f44725a4a0 .functor OR 1, L_0x55f447259620, L_0x55f44725a2f0, C4<0>, C4<0>;
L_0x55f44725a5b0 .functor AND 1, L_0x55f447259420, L_0x55f44725a4a0, C4<1>, C4<1>;
L_0x55f44725a770 .functor OR 1, L_0x55f447259380, L_0x55f44725a5b0, C4<0>, C4<0>;
v0x55f4472514f0_0 .net *"_ivl_101", 0 0, L_0x55f447258b90;  1 drivers
v0x55f4472515f0_0 .net *"_ivl_103", 0 0, L_0x55f447258d00;  1 drivers
v0x55f4472516d0_0 .net *"_ivl_105", 0 0, L_0x55f447258dc0;  1 drivers
v0x55f4472517c0_0 .net *"_ivl_107", 0 0, L_0x55f447258f40;  1 drivers
v0x55f4472518a0_0 .net *"_ivl_113", 0 0, L_0x55f447259380;  1 drivers
v0x55f4472519d0_0 .net *"_ivl_115", 0 0, L_0x55f447259420;  1 drivers
v0x55f447251ab0_0 .net *"_ivl_117", 0 0, L_0x55f447259620;  1 drivers
v0x55f447251b90_0 .net *"_ivl_119", 0 0, L_0x55f4472596c0;  1 drivers
v0x55f447251c70_0 .net *"_ivl_121", 0 0, L_0x55f4472598d0;  1 drivers
v0x55f447251d50_0 .net *"_ivl_123", 0 0, L_0x55f447259970;  1 drivers
v0x55f447251e30_0 .net *"_ivl_125", 0 0, L_0x55f447259b90;  1 drivers
v0x55f447251f10_0 .net *"_ivl_127", 0 0, L_0x55f447259c30;  1 drivers
v0x55f447251ff0_0 .net *"_ivl_128", 0 0, L_0x55f447259e60;  1 drivers
v0x55f4472520d0_0 .net *"_ivl_130", 0 0, L_0x55f447258ed0;  1 drivers
v0x55f4472521b0_0 .net *"_ivl_132", 0 0, L_0x55f44725a040;  1 drivers
v0x55f447252290_0 .net *"_ivl_134", 0 0, L_0x55f44725a1e0;  1 drivers
v0x55f447252370_0 .net *"_ivl_136", 0 0, L_0x55f44725a2f0;  1 drivers
v0x55f447252450_0 .net *"_ivl_138", 0 0, L_0x55f44725a4a0;  1 drivers
v0x55f447252530_0 .net *"_ivl_140", 0 0, L_0x55f44725a5b0;  1 drivers
v0x55f447252610_0 .net *"_ivl_142", 0 0, L_0x55f44725a770;  1 drivers
v0x55f4472526f0_0 .net *"_ivl_54", 0 0, L_0x55f447257350;  1 drivers
v0x55f4472527d0_0 .net *"_ivl_58", 0 0, L_0x55f447257410;  1 drivers
v0x55f4472528b0_0 .net *"_ivl_60", 0 0, L_0x55f4472575f0;  1 drivers
v0x55f447252990_0 .net *"_ivl_61", 0 0, L_0x55f447257690;  1 drivers
v0x55f447252a70_0 .net *"_ivl_63", 0 0, L_0x55f447257750;  1 drivers
v0x55f447252b50_0 .net *"_ivl_68", 0 0, L_0x55f447257860;  1 drivers
v0x55f447252c30_0 .net *"_ivl_70", 0 0, L_0x55f447257a00;  1 drivers
v0x55f447252d10_0 .net *"_ivl_72", 0 0, L_0x55f447257aa0;  1 drivers
v0x55f447252df0_0 .net *"_ivl_74", 0 0, L_0x55f447257c50;  1 drivers
v0x55f447252ed0_0 .net *"_ivl_75", 0 0, L_0x55f447257e00;  1 drivers
v0x55f447252fb0_0 .net *"_ivl_77", 0 0, L_0x55f447257ea0;  1 drivers
v0x55f447253090_0 .net *"_ivl_79", 0 0, L_0x55f447257f60;  1 drivers
v0x55f447253170_0 .net *"_ivl_81", 0 0, L_0x55f4472580b0;  1 drivers
v0x55f447253460_0 .net *"_ivl_86", 0 0, L_0x55f4472581c0;  1 drivers
v0x55f447253540_0 .net *"_ivl_88", 0 0, L_0x55f447258380;  1 drivers
v0x55f447253620_0 .net *"_ivl_90", 0 0, L_0x55f447258420;  1 drivers
v0x55f447253700_0 .net *"_ivl_92", 0 0, L_0x55f4472585f0;  1 drivers
v0x55f4472537e0_0 .net *"_ivl_94", 0 0, L_0x55f447258690;  1 drivers
v0x55f4472538c0_0 .net *"_ivl_96", 0 0, L_0x55f447258870;  1 drivers
v0x55f4472539a0_0 .net *"_ivl_97", 0 0, L_0x55f447258940;  1 drivers
v0x55f447253a80_0 .net *"_ivl_99", 0 0, L_0x55f447258a80;  1 drivers
v0x55f447253b60_0 .net "a", 3 0, v0x55f4472542c0_0;  1 drivers
v0x55f447253c40_0 .net "b", 3 0, v0x55f4472543a0_0;  1 drivers
v0x55f447253d20_0 .net "c", 4 0, L_0x55f447259050;  1 drivers
v0x55f447253e00_0 .net "cin", 0 0, v0x55f447254470_0;  1 drivers
v0x55f447253ec0_0 .net "cout", 0 0, L_0x55f44725a400;  alias, 1 drivers
v0x55f447253f80_0 .net "g", 3 0, L_0x55f447255bc0;  1 drivers
v0x55f447254060_0 .net "p", 3 0, L_0x55f447256000;  1 drivers
v0x55f447254140_0 .net "sum", 3 0, L_0x55f447256e40;  alias, 1 drivers
L_0x55f447254ae0 .part v0x55f4472542c0_0, 0, 1;
L_0x55f447254bb0 .part v0x55f4472543a0_0, 0, 1;
L_0x55f447254db0 .part v0x55f4472542c0_0, 0, 1;
L_0x55f447254e50 .part v0x55f4472543a0_0, 0, 1;
L_0x55f447255060 .part v0x55f4472542c0_0, 1, 1;
L_0x55f447255190 .part v0x55f4472543a0_0, 1, 1;
L_0x55f447255370 .part v0x55f4472542c0_0, 1, 1;
L_0x55f447255410 .part v0x55f4472543a0_0, 1, 1;
L_0x55f447255640 .part v0x55f4472542c0_0, 2, 1;
L_0x55f4472556e0 .part v0x55f4472543a0_0, 2, 1;
L_0x55f4472558d0 .part v0x55f4472542c0_0, 2, 1;
L_0x55f447255970 .part v0x55f4472543a0_0, 2, 1;
L_0x55f447255bc0 .concat8 [ 1 1 1 1], L_0x55f447254ca0, L_0x55f447255300, L_0x55f4472557e0, L_0x55f447255a10;
L_0x55f447255d50 .part v0x55f4472542c0_0, 3, 1;
L_0x55f447255e70 .part v0x55f4472543a0_0, 3, 1;
L_0x55f447256000 .concat8 [ 1 1 1 1], L_0x55f447254f20, L_0x55f447255500, L_0x55f447255a80, L_0x55f447256400;
L_0x55f447256220 .part v0x55f4472542c0_0, 3, 1;
L_0x55f4472562c0 .part v0x55f4472543a0_0, 3, 1;
L_0x55f447256560 .part L_0x55f447256000, 0, 1;
L_0x55f447256650 .part L_0x55f447259050, 0, 1;
L_0x55f447256360 .part L_0x55f447256000, 1, 1;
L_0x55f4472568b0 .part L_0x55f447259050, 1, 1;
L_0x55f447256b70 .part L_0x55f447256000, 2, 1;
L_0x55f447256c10 .part L_0x55f447259050, 2, 1;
L_0x55f447256e40 .concat8 [ 1 1 1 1], L_0x55f4472567a0, L_0x55f447256a60, L_0x55f447256d80, L_0x55f447257240;
L_0x55f447257020 .part L_0x55f447256000, 3, 1;
L_0x55f4472571a0 .part L_0x55f447259050, 3, 1;
L_0x55f447257410 .part L_0x55f447255bc0, 0, 1;
L_0x55f4472575f0 .part L_0x55f447256000, 0, 1;
L_0x55f447257860 .part L_0x55f447255bc0, 1, 1;
L_0x55f447257a00 .part L_0x55f447256000, 1, 1;
L_0x55f447257aa0 .part L_0x55f447255bc0, 0, 1;
L_0x55f447257c50 .part L_0x55f447256000, 0, 1;
L_0x55f4472581c0 .part L_0x55f447255bc0, 2, 1;
L_0x55f447258380 .part L_0x55f447256000, 2, 1;
L_0x55f447258420 .part L_0x55f447255bc0, 1, 1;
L_0x55f4472585f0 .part L_0x55f447256000, 1, 1;
L_0x55f447258690 .part L_0x55f447255bc0, 0, 1;
L_0x55f447258870 .part L_0x55f447256000, 0, 1;
LS_0x55f447259050_0_0 .concat8 [ 1 1 1 1], L_0x55f447257350, L_0x55f447257750, L_0x55f4472580b0, L_0x55f447258f40;
LS_0x55f447259050_0_4 .concat8 [ 1 0 0 0], L_0x55f44725a770;
L_0x55f447259050 .concat8 [ 4 1 0 0], LS_0x55f447259050_0_0, LS_0x55f447259050_0_4;
L_0x55f447259380 .part L_0x55f447255bc0, 3, 1;
L_0x55f447259420 .part L_0x55f447256000, 3, 1;
L_0x55f447259620 .part L_0x55f447255bc0, 2, 1;
L_0x55f4472596c0 .part L_0x55f447256000, 2, 1;
L_0x55f4472598d0 .part L_0x55f447255bc0, 1, 1;
L_0x55f447259970 .part L_0x55f447256000, 1, 1;
L_0x55f447259b90 .part L_0x55f447255bc0, 0, 1;
L_0x55f447259c30 .part L_0x55f447256000, 0, 1;
L_0x55f44725a400 .part L_0x55f447259050, 4, 1;
S_0x55f4471dc490 .scope generate, "create_g_and_p[0]" "create_g_and_p[0]" 3 13, 3 13 0, S_0x55f44721b570;
 .timescale 0 0;
P_0x55f4471dc670 .param/l "j" 1 3 13, +C4<00>;
L_0x55f447254ca0 .functor AND 1, L_0x55f447254ae0, L_0x55f447254bb0, C4<1>, C4<1>;
L_0x55f447254f20 .functor XOR 1, L_0x55f447254db0, L_0x55f447254e50, C4<0>, C4<0>;
v0x55f44721c970_0 .net *"_ivl_0", 0 0, L_0x55f447254ae0;  1 drivers
v0x55f44721cc30_0 .net *"_ivl_1", 0 0, L_0x55f447254bb0;  1 drivers
v0x55f44724e210_0 .net *"_ivl_2", 0 0, L_0x55f447254ca0;  1 drivers
v0x55f44724e2d0_0 .net *"_ivl_4", 0 0, L_0x55f447254db0;  1 drivers
v0x55f44724e3b0_0 .net *"_ivl_5", 0 0, L_0x55f447254e50;  1 drivers
v0x55f44724e4e0_0 .net *"_ivl_6", 0 0, L_0x55f447254f20;  1 drivers
S_0x55f44724e5c0 .scope generate, "create_g_and_p[1]" "create_g_and_p[1]" 3 13, 3 13 0, S_0x55f44721b570;
 .timescale 0 0;
P_0x55f44724e7e0 .param/l "j" 1 3 13, +C4<01>;
L_0x55f447255300 .functor AND 1, L_0x55f447255060, L_0x55f447255190, C4<1>, C4<1>;
L_0x55f447255500 .functor XOR 1, L_0x55f447255370, L_0x55f447255410, C4<0>, C4<0>;
v0x55f44724e8a0_0 .net *"_ivl_0", 0 0, L_0x55f447255060;  1 drivers
v0x55f44724e980_0 .net *"_ivl_1", 0 0, L_0x55f447255190;  1 drivers
v0x55f44724ea60_0 .net *"_ivl_2", 0 0, L_0x55f447255300;  1 drivers
v0x55f44724eb20_0 .net *"_ivl_4", 0 0, L_0x55f447255370;  1 drivers
v0x55f44724ec00_0 .net *"_ivl_5", 0 0, L_0x55f447255410;  1 drivers
v0x55f44724ed30_0 .net *"_ivl_6", 0 0, L_0x55f447255500;  1 drivers
S_0x55f44724ee10 .scope generate, "create_g_and_p[2]" "create_g_and_p[2]" 3 13, 3 13 0, S_0x55f44721b570;
 .timescale 0 0;
P_0x55f44724f010 .param/l "j" 1 3 13, +C4<010>;
L_0x55f4472557e0 .functor AND 1, L_0x55f447255640, L_0x55f4472556e0, C4<1>, C4<1>;
L_0x55f447255a80 .functor XOR 1, L_0x55f4472558d0, L_0x55f447255970, C4<0>, C4<0>;
v0x55f44724f0d0_0 .net *"_ivl_0", 0 0, L_0x55f447255640;  1 drivers
v0x55f44724f1b0_0 .net *"_ivl_1", 0 0, L_0x55f4472556e0;  1 drivers
v0x55f44724f290_0 .net *"_ivl_2", 0 0, L_0x55f4472557e0;  1 drivers
v0x55f44724f380_0 .net *"_ivl_4", 0 0, L_0x55f4472558d0;  1 drivers
v0x55f44724f460_0 .net *"_ivl_5", 0 0, L_0x55f447255970;  1 drivers
v0x55f44724f590_0 .net *"_ivl_6", 0 0, L_0x55f447255a80;  1 drivers
S_0x55f44724f670 .scope generate, "create_g_and_p[3]" "create_g_and_p[3]" 3 13, 3 13 0, S_0x55f44721b570;
 .timescale 0 0;
P_0x55f44724f870 .param/l "j" 1 3 13, +C4<011>;
L_0x55f447255a10 .functor AND 1, L_0x55f447255d50, L_0x55f447255e70, C4<1>, C4<1>;
L_0x55f447256400 .functor XOR 1, L_0x55f447256220, L_0x55f4472562c0, C4<0>, C4<0>;
v0x55f44724f950_0 .net *"_ivl_0", 0 0, L_0x55f447255d50;  1 drivers
v0x55f44724fa30_0 .net *"_ivl_1", 0 0, L_0x55f447255e70;  1 drivers
v0x55f44724fb10_0 .net *"_ivl_2", 0 0, L_0x55f447255a10;  1 drivers
v0x55f44724fbd0_0 .net *"_ivl_4", 0 0, L_0x55f447256220;  1 drivers
v0x55f44724fcb0_0 .net *"_ivl_5", 0 0, L_0x55f4472562c0;  1 drivers
v0x55f44724fde0_0 .net *"_ivl_6", 0 0, L_0x55f447256400;  1 drivers
S_0x55f44724fec0 .scope generate, "create_sum[0]" "create_sum[0]" 3 39, 3 39 0, S_0x55f44721b570;
 .timescale 0 0;
P_0x55f447250110 .param/l "l" 1 3 39, +C4<00>;
L_0x55f4472567a0 .functor XOR 1, L_0x55f447256560, L_0x55f447256650, C4<0>, C4<0>;
v0x55f4472501f0_0 .net *"_ivl_0", 0 0, L_0x55f447256560;  1 drivers
v0x55f4472502d0_0 .net *"_ivl_1", 0 0, L_0x55f447256650;  1 drivers
v0x55f4472503b0_0 .net *"_ivl_2", 0 0, L_0x55f4472567a0;  1 drivers
S_0x55f447250470 .scope generate, "create_sum[1]" "create_sum[1]" 3 39, 3 39 0, S_0x55f44721b570;
 .timescale 0 0;
P_0x55f447250670 .param/l "l" 1 3 39, +C4<01>;
L_0x55f447256a60 .functor XOR 1, L_0x55f447256360, L_0x55f4472568b0, C4<0>, C4<0>;
v0x55f447250750_0 .net *"_ivl_0", 0 0, L_0x55f447256360;  1 drivers
v0x55f447250830_0 .net *"_ivl_1", 0 0, L_0x55f4472568b0;  1 drivers
v0x55f447250910_0 .net *"_ivl_2", 0 0, L_0x55f447256a60;  1 drivers
S_0x55f4472509d0 .scope generate, "create_sum[2]" "create_sum[2]" 3 39, 3 39 0, S_0x55f44721b570;
 .timescale 0 0;
P_0x55f447250bd0 .param/l "l" 1 3 39, +C4<010>;
L_0x55f447256d80 .functor XOR 1, L_0x55f447256b70, L_0x55f447256c10, C4<0>, C4<0>;
v0x55f447250cb0_0 .net *"_ivl_0", 0 0, L_0x55f447256b70;  1 drivers
v0x55f447250d90_0 .net *"_ivl_1", 0 0, L_0x55f447256c10;  1 drivers
v0x55f447250e70_0 .net *"_ivl_2", 0 0, L_0x55f447256d80;  1 drivers
S_0x55f447250f60 .scope generate, "create_sum[3]" "create_sum[3]" 3 39, 3 39 0, S_0x55f44721b570;
 .timescale 0 0;
P_0x55f447251160 .param/l "l" 1 3 39, +C4<011>;
L_0x55f447257240 .functor XOR 1, L_0x55f447257020, L_0x55f4472571a0, C4<0>, C4<0>;
v0x55f447251240_0 .net *"_ivl_0", 0 0, L_0x55f447257020;  1 drivers
v0x55f447251320_0 .net *"_ivl_1", 0 0, L_0x55f4472571a0;  1 drivers
v0x55f447251400_0 .net *"_ivl_2", 0 0, L_0x55f447257240;  1 drivers
    .scope S_0x55f44721b3e0;
T_0 ;
    %pushi/vec4 0, 0, 32;
    %store/vec4 v0x55f447254640_0, 0, 32;
    %end;
    .thread T_0;
    .scope S_0x55f44721b3e0;
T_1 ;
    %vpi_call 2 29 "$display", "--- Bat dau Simulation cho khoi CLA 4-bit ---" {0 0 0};
    %pushi/vec4 0, 0, 32;
    %store/vec4 v0x55f447254640_0, 0, 32;
    %pushi/vec4 0, 0, 32;
    %store/vec4 v0x55f447254940_0, 0, 32;
T_1.0 ;
    %load/vec4 v0x55f447254940_0;
    %cmpi/s 2, 0, 32;
    %jmp/0xz T_1.1, 5;
    %pushi/vec4 0, 0, 32;
    %store/vec4 v0x55f447254780_0, 0, 32;
T_1.2 ;
    %load/vec4 v0x55f447254780_0;
    %cmpi/s 16, 0, 32;
    %jmp/0xz T_1.3, 5;
    %pushi/vec4 0, 0, 32;
    %store/vec4 v0x55f447254860_0, 0, 32;
T_1.4 ;
    %load/vec4 v0x55f447254860_0;
    %cmpi/s 16, 0, 32;
    %jmp/0xz T_1.5, 5;
    %load/vec4 v0x55f447254780_0;
    %pad/s 4;
    %store/vec4 v0x55f4472542c0_0, 0, 4;
    %load/vec4 v0x55f447254860_0;
    %pad/s 4;
    %store/vec4 v0x55f4472543a0_0, 0, 4;
    %load/vec4 v0x55f447254940_0;
    %pad/s 1;
    %store/vec4 v0x55f447254470_0, 0, 1;
    %delay 10000, 0;
    %load/vec4 v0x55f4472542c0_0;
    %pad/u 5;
    %load/vec4 v0x55f4472543a0_0;
    %pad/u 5;
    %add;
    %load/vec4 v0x55f447254470_0;
    %pad/u 5;
    %add;
    %store/vec4 v0x55f4472546e0_0, 0, 5;
    %load/vec4 v0x55f447254570_0;
    %load/vec4 v0x55f447254a20_0;
    %concat/vec4; draw_concat_vec4
    %load/vec4 v0x55f4472546e0_0;
    %cmp/ne;
    %jmp/0xz  T_1.6, 6;
    %load/vec4 v0x55f447254570_0;
    %load/vec4 v0x55f447254a20_0;
    %concat/vec4; draw_concat_vec4
    %vpi_call 2 49 "$display", "LOI tai: A=%d, B=%d, Cin=%b | Thuc te: {Cout,Sum}=%b, Ky vong: %b", v0x55f4472542c0_0, v0x55f4472543a0_0, v0x55f447254470_0, S<0,vec4,u5>, v0x55f4472546e0_0 {1 0 0};
    %load/vec4 v0x55f447254640_0;
    %addi 1, 0, 32;
    %store/vec4 v0x55f447254640_0, 0, 32;
T_1.6 ;
    %load/vec4 v0x55f447254860_0;
    %addi 1, 0, 32;
    %store/vec4 v0x55f447254860_0, 0, 32;
    %jmp T_1.4;
T_1.5 ;
    %load/vec4 v0x55f447254780_0;
    %addi 1, 0, 32;
    %store/vec4 v0x55f447254780_0, 0, 32;
    %jmp T_1.2;
T_1.3 ;
    %load/vec4 v0x55f447254940_0;
    %addi 1, 0, 32;
    %store/vec4 v0x55f447254940_0, 0, 32;
    %jmp T_1.0;
T_1.1 ;
    %load/vec4 v0x55f447254640_0;
    %cmpi/e 0, 0, 32;
    %jmp/0xz  T_1.8, 4;
    %vpi_call 2 59 "$display", ">>> KET QUA: PASS! Tat ca cac truong hop deu dung." {0 0 0};
    %jmp T_1.9;
T_1.8 ;
    %vpi_call 2 61 "$display", ">>> KET QUA: FAIL! Co %d loi duoc tim thay.", v0x55f447254640_0 {0 0 0};
T_1.9 ;
    %vpi_call 2 64 "$finish" {0 0 0};
    %end;
    .thread T_1;
    .scope S_0x55f44721b3e0;
T_2 ;
    %vpi_call 2 69 "$dumpfile", "cla_4b.vcd" {0 0 0};
    %vpi_call 2 70 "$dumpvars", 32'sb00000000000000000000000000000000, S_0x55f44721b3e0 {0 0 0};
    %end;
    .thread T_2;
# The file index is used to find the file name in the following table.
:file_names 4;
    "N/A";
    "<interactive>";
    "tb/tb_cla_4b.v";
    "rtl/cla_4b.v";
